TN:
SF:dist/index.js
FN:5,(anonymous_0)
FN:12,(anonymous_1)
FN:18,(anonymous_2)
FN:36,(anonymous_3)
FN:70,(anonymous_4)
FN:86,(anonymous_5)
FN:90,(anonymous_6)
FN:91,(anonymous_7)
FN:95,(anonymous_8)
FN:97,(anonymous_9)
FN:110,(anonymous_10)
FN:111,(anonymous_11)
FN:112,(anonymous_12)
FN:114,(anonymous_13)
FN:121,(anonymous_14)
FN:136,(anonymous_15)
FN:139,(anonymous_16)
FN:142,(anonymous_17)
FN:145,(anonymous_18)
FN:163,(anonymous_19)
FN:169,(anonymous_20)
FN:176,(anonymous_21)
FN:177,(anonymous_22)
FN:177,(anonymous_23)
FN:199,(anonymous_24)
FN:200,(anonymous_25)
FN:202,(anonymous_26)
FN:204,(anonymous_27)
FN:235,(anonymous_28)
FN:247,(anonymous_29)
FN:262,(anonymous_30)
FN:263,(anonymous_31)
FNF:32
FNH:32
FNDA:62,(anonymous_0)
FNDA:146,(anonymous_1)
FNDA:1,(anonymous_2)
FNDA:16,(anonymous_3)
FNDA:12,(anonymous_4)
FNDA:2,(anonymous_5)
FNDA:10,(anonymous_6)
FNDA:6,(anonymous_7)
FNDA:1,(anonymous_8)
FNDA:10,(anonymous_9)
FNDA:3,(anonymous_10)
FNDA:4,(anonymous_11)
FNDA:12,(anonymous_12)
FNDA:12,(anonymous_13)
FNDA:4,(anonymous_14)
FNDA:24,(anonymous_15)
FNDA:38,(anonymous_16)
FNDA:10,(anonymous_17)
FNDA:4,(anonymous_18)
FNDA:4,(anonymous_19)
FNDA:4,(anonymous_20)
FNDA:6,(anonymous_21)
FNDA:4,(anonymous_22)
FNDA:12,(anonymous_23)
FNDA:14,(anonymous_24)
FNDA:14,(anonymous_25)
FNDA:56,(anonymous_26)
FNDA:1,(anonymous_27)
FNDA:2,(anonymous_28)
FNDA:10,(anonymous_29)
FNDA:2,(anonymous_30)
FNDA:32,(anonymous_31)
DA:5,1
DA:6,62
DA:7,0
DA:9,62
DA:10,62
DA:12,1
DA:13,146
DA:14,0
DA:16,146
DA:18,1
DA:19,1
DA:22,1
DA:23,1
DA:33,1
DA:34,1
DA:38,16
DA:39,16
DA:40,16
DA:70,16
DA:71,12
DA:72,12
DA:73,10
DA:75,2
DA:76,1
DA:79,1
DA:83,0
DA:86,16
DA:88,2
DA:90,16
DA:91,10
DA:92,10
DA:93,4
DA:94,6
DA:95,6
DA:96,6
DA:97,6
DA:98,10
DA:99,10
DA:100,0
DA:101,10
DA:102,4
DA:105,6
DA:107,10
DA:110,16
DA:111,4
DA:112,12
DA:113,3
DA:114,12
DA:115,3
DA:116,3
DA:121,16
DA:122,4
DA:123,4
DA:124,4
DA:125,4
DA:126,4
DA:127,4
DA:128,4
DA:129,1
DA:132,3
DA:134,4
DA:136,16
DA:137,24
DA:139,16
DA:140,38
DA:142,16
DA:143,10
DA:145,16
DA:155,4
DA:156,4
DA:159,0
DA:161,4
DA:163,16
DA:164,4
DA:165,2
DA:167,4
DA:169,16
DA:170,4
DA:171,2
DA:173,4
DA:175,16
DA:176,16
DA:177,16
DA:178,16
DA:179,16
DA:180,16
DA:181,16
DA:182,16
DA:184,16
DA:185,16
DA:186,16
DA:187,16
DA:191,16
DA:192,16
DA:194,16
DA:195,16
DA:196,16
DA:197,16
DA:200,14
DA:201,14
DA:202,56
DA:205,1
DA:206,1
DA:207,1
DA:208,1
DA:209,1
DA:210,1
DA:211,1
DA:212,1
DA:226,1
DA:236,2
DA:237,2
DA:238,2
DA:239,3
DA:240,3
DA:241,3
DA:242,3
DA:243,3
DA:257,10
DA:258,10
DA:259,0
DA:260,10
DA:261,10
DA:262,10
DA:263,32
DA:264,10
DA:265,10
DA:266,10
DA:267,12
DA:268,12
DA:269,2
DA:272,10
DA:274,12
DA:275,1
DA:280,11
DA:281,6
DA:285,12
DA:286,12
DA:290,12
DA:292,10
DA:293,10
DA:296,1
DA:297,1
LF:143
LH:137
BRDA:5,0,0,1
BRDA:5,0,1,1
BRDA:5,0,2,1
BRDA:6,1,0,0
BRDA:6,1,1,62
BRDA:12,2,0,1
BRDA:12,2,1,1
BRDA:12,2,2,1
BRDA:13,3,0,0
BRDA:13,3,1,146
BRDA:18,4,0,1
BRDA:18,4,1,1
BRDA:18,4,2,1
BRDA:19,5,0,1
BRDA:19,5,1,0
BRDA:19,6,0,1
BRDA:19,6,1,1
BRDA:71,7,0,12
BRDA:71,7,1,0
BRDA:72,8,0,10
BRDA:72,8,1,2
BRDA:75,9,0,1
BRDA:75,9,1,1
BRDA:88,10,0,2
BRDA:88,10,1,2
BRDA:92,11,0,4
BRDA:92,11,1,6
BRDA:99,12,0,0
BRDA:99,12,1,10
BRDA:101,13,0,4
BRDA:101,13,1,6
BRDA:128,14,0,1
BRDA:128,14,1,3
BRDA:155,15,0,4
BRDA:155,15,1,0
BRDA:164,16,0,2
BRDA:164,16,1,2
BRDA:170,17,0,2
BRDA:170,17,1,2
BRDA:171,18,0,1
BRDA:171,18,1,1
BRDA:241,19,0,3
BRDA:241,19,1,0
BRDA:247,20,0,4
BRDA:247,21,0,4
BRDA:258,22,0,0
BRDA:258,22,1,10
BRDA:263,23,0,8
BRDA:263,23,1,2
BRDA:268,24,0,2
BRDA:268,24,1,10
BRDA:268,25,0,12
BRDA:268,25,1,12
BRDA:274,26,0,1
BRDA:274,26,1,11
BRDA:274,27,0,12
BRDA:274,27,1,2
BRDA:280,28,0,6
BRDA:280,28,1,5
BRDA:280,29,0,11
BRDA:280,29,1,10
BRF:61
BRH:53
end_of_record
