TN:
SF:index.js
FN:17,(anonymous_0)
FN:35,(anonymous_1)
FN:36,(anonymous_2)
FN:36,(anonymous_3)
FN:55,(anonymous_4)
FN:56,(anonymous_5)
FN:58,(anonymous_6)
FN:62,(anonymous_7)
FN:92,(anonymous_8)
FN:104,(anonymous_9)
FN:121,(anonymous_10)
FN:122,(anonymous_11)
FN:197,(anonymous_12)
FN:211,(anonymous_13)
FN:216,(anonymous_14)
FN:217,(anonymous_15)
FN:220,(anonymous_16)
FN:222,(anonymous_17)
FN:233,(anonymous_18)
FN:234,(anonymous_19)
FN:235,(anonymous_20)
FN:237,(anonymous_21)
FN:246,(anonymous_22)
FN:262,(anonymous_23)
FN:266,(anonymous_24)
FN:270,(anonymous_25)
FN:274,(anonymous_26)
FN:288,(anonymous_27)
FN:296,(anonymous_28)
FNF:29
FNH:29
FNDA:16,(anonymous_0)
FNDA:6,(anonymous_1)
FNDA:4,(anonymous_2)
FNDA:12,(anonymous_3)
FNDA:14,(anonymous_4)
FNDA:14,(anonymous_5)
FNDA:56,(anonymous_6)
FNDA:1,(anonymous_7)
FNDA:2,(anonymous_8)
FNDA:10,(anonymous_9)
FNDA:2,(anonymous_10)
FNDA:32,(anonymous_11)
FNDA:12,(anonymous_12)
FNDA:2,(anonymous_13)
FNDA:10,(anonymous_14)
FNDA:6,(anonymous_15)
FNDA:1,(anonymous_16)
FNDA:10,(anonymous_17)
FNDA:3,(anonymous_18)
FNDA:4,(anonymous_19)
FNDA:12,(anonymous_20)
FNDA:12,(anonymous_21)
FNDA:4,(anonymous_22)
FNDA:24,(anonymous_23)
FNDA:38,(anonymous_24)
FNDA:10,(anonymous_25)
FNDA:4,(anonymous_26)
FNDA:4,(anonymous_27)
FNDA:4,(anonymous_28)
DA:16,1
DA:19,16
DA:20,16
DA:21,16
DA:22,16
DA:23,16
DA:24,16
DA:25,16
DA:26,16
DA:27,16
DA:28,16
DA:29,16
DA:30,16
DA:31,16
DA:32,16
DA:34,16
DA:35,16
DA:36,16
DA:39,16
DA:40,16
DA:41,16
DA:42,16
DA:47,16
DA:48,16
DA:49,16
DA:50,16
DA:51,16
DA:52,16
DA:56,14
DA:57,14
DA:58,56
DA:64,1
DA:65,1
DA:66,1
DA:67,1
DA:68,1
DA:69,1
DA:70,1
DA:73,1
DA:87,1
DA:93,2
DA:94,2
DA:95,2
DA:96,2
DA:97,3
DA:99,3
DA:100,3
DA:116,10
DA:117,10
DA:118,10
DA:119,10
DA:121,10
DA:122,32
DA:124,10
DA:126,10
DA:127,10
DA:128,12
DA:129,12
DA:130,2
DA:133,10
DA:135,12
DA:136,1
DA:141,11
DA:142,6
DA:148,12
DA:149,12
DA:155,12
DA:158,10
DA:159,10
DA:198,12
DA:199,12
DA:200,10
DA:202,2
DA:203,1
DA:206,1
DA:213,2
DA:217,10
DA:218,10
DA:219,6
DA:220,6
DA:221,6
DA:222,6
DA:223,10
DA:224,4
DA:227,6
DA:229,10
DA:234,4
DA:235,12
DA:236,3
DA:237,12
DA:238,3
DA:240,3
DA:247,4
DA:248,4
DA:249,4
DA:250,4
DA:251,4
DA:252,4
DA:253,1
DA:256,3
DA:259,4
DA:263,24
DA:267,38
DA:271,10
DA:284,4
DA:285,4
DA:290,4
DA:291,2
DA:293,4
DA:298,4
DA:299,2
DA:301,4
LF:112
LH:112
BRDA:104,0,0,4
BRDA:104,1,0,4
BRDA:117,2,0,0
BRDA:117,2,1,10
BRDA:122,3,0,8
BRDA:122,3,1,2
BRDA:129,4,0,2
BRDA:129,4,1,10
BRDA:129,5,0,12
BRDA:129,5,1,12
BRDA:135,6,0,1
BRDA:135,6,1,11
BRDA:135,7,0,12
BRDA:135,7,1,2
BRDA:141,8,0,6
BRDA:141,8,1,5
BRDA:141,9,0,11
BRDA:141,9,1,10
BRDA:198,10,0,12
BRDA:198,10,1,0
BRDA:199,11,0,10
BRDA:199,11,1,2
BRDA:202,12,0,1
BRDA:202,12,1,1
BRDA:213,13,0,2
BRDA:213,13,1,2
BRDA:218,14,0,4
BRDA:218,14,1,6
BRDA:223,15,0,4
BRDA:223,15,1,6
BRDA:252,16,0,1
BRDA:252,16,1,3
BRDA:290,17,0,2
BRDA:290,17,1,2
BRDA:298,18,0,2
BRDA:298,18,1,2
BRDA:299,19,0,1
BRDA:299,19,1,1
BRF:38
BRH:36
end_of_record
